0 info it worked if it ends with ok
1 verbose cli [ '/usr/local/bin/node',
1 verbose cli   '/usr/local/bin/npm',
1 verbose cli   'install',
1 verbose cli   '--save',
1 verbose cli   'dev' ]
2 info using npm@3.10.10
3 info using node@v6.9.3
4 silly loadCurrentTree Starting
5 silly install loadCurrentTree
6 silly install readLocalPackageData
7 silly fetchPackageMetaData dev
8 silly fetchNamedPackageData dev
9 silly mapToRegistry name dev
10 silly mapToRegistry using default registry
11 silly mapToRegistry registry https://registry.npmjs.org/
12 silly mapToRegistry data Result {
12 silly mapToRegistry   raw: 'dev',
12 silly mapToRegistry   scope: null,
12 silly mapToRegistry   escapedName: 'dev',
12 silly mapToRegistry   name: 'dev',
12 silly mapToRegistry   rawSpec: '',
12 silly mapToRegistry   spec: 'latest',
12 silly mapToRegistry   type: 'tag' }
13 silly mapToRegistry uri https://registry.npmjs.org/dev
14 verbose request uri https://registry.npmjs.org/dev
15 verbose request no auth needed
16 info attempt registry request try #1 at 10:57:02 AM
17 verbose request id 072e9f1d70463fb2
18 verbose etag W/"592e33d8-22da"
19 verbose lastModified Wed, 31 May 2017 03:09:12 GMT
20 http request GET https://registry.npmjs.org/dev
21 http 304 https://registry.npmjs.org/dev
22 verbose headers { date: 'Fri, 02 Jun 2017 14:57:03 GMT',
22 verbose headers   via: '1.1 varnish',
22 verbose headers   'cache-control': 'max-age=300',
22 verbose headers   etag: 'W/"592e33d8-22da"',
22 verbose headers   age: '54',
22 verbose headers   connection: 'keep-alive',
22 verbose headers   'x-served-by': 'cache-jfk8145-JFK',
22 verbose headers   'x-cache': 'HIT',
22 verbose headers   'x-cache-hits': '1',
22 verbose headers   'x-timer': 'S1496415423.093306,VS0,VE0',
22 verbose headers   vary: 'Accept-Encoding' }
23 silly get cb [ 304,
23 silly get   { date: 'Fri, 02 Jun 2017 14:57:03 GMT',
23 silly get     via: '1.1 varnish',
23 silly get     'cache-control': 'max-age=300',
23 silly get     etag: 'W/"592e33d8-22da"',
23 silly get     age: '54',
23 silly get     connection: 'keep-alive',
23 silly get     'x-served-by': 'cache-jfk8145-JFK',
23 silly get     'x-cache': 'HIT',
23 silly get     'x-cache-hits': '1',
23 silly get     'x-timer': 'S1496415423.093306,VS0,VE0',
23 silly get     vary: 'Accept-Encoding' } ]
24 verbose etag https://registry.npmjs.org/dev from cache
25 verbose get saving dev to /Users/minholee/.npm/registry.npmjs.org/dev/.cache.json
26 verbose correctMkdir /Users/minholee/.npm correctMkdir not in flight; initializing
27 silly install normalizeTree
28 silly loadCurrentTree Finishing
29 silly loadIdealTree Starting
30 silly install loadIdealTree
31 silly cloneCurrentTree Starting
32 silly install cloneCurrentTreeToIdealTree
33 silly cloneCurrentTree Finishing
34 silly loadShrinkwrap Starting
35 silly install loadShrinkwrap
36 silly loadShrinkwrap Finishing
37 silly loadAllDepsIntoIdealTree Starting
38 silly install loadAllDepsIntoIdealTree
39 silly resolveWithNewModule dev@0.1.3 checking installable status
40 silly cache add args [ 'dev', null ]
41 verbose cache add spec dev
42 silly cache add parsed spec Result {
42 silly cache add   raw: 'dev',
42 silly cache add   scope: null,
42 silly cache add   escapedName: 'dev',
42 silly cache add   name: 'dev',
42 silly cache add   rawSpec: '',
42 silly cache add   spec: 'latest',
42 silly cache add   type: 'tag' }
43 silly addNamed dev@latest
44 verbose addNamed "latest" is being treated as a dist-tag for dev
45 info addNameTag [ 'dev', 'latest' ]
46 silly mapToRegistry name dev
47 silly mapToRegistry using default registry
48 silly mapToRegistry registry https://registry.npmjs.org/
49 silly mapToRegistry data Result {
49 silly mapToRegistry   raw: 'dev',
49 silly mapToRegistry   scope: null,
49 silly mapToRegistry   escapedName: 'dev',
49 silly mapToRegistry   name: 'dev',
49 silly mapToRegistry   rawSpec: '',
49 silly mapToRegistry   spec: 'latest',
49 silly mapToRegistry   type: 'tag' }
50 silly mapToRegistry uri https://registry.npmjs.org/dev
51 verbose addNameTag registry:https://registry.npmjs.org/dev not in flight; fetching
52 verbose get https://registry.npmjs.org/dev not expired, no request
53 silly addNameTag next cb for dev with tag latest
54 silly addNamed dev@0.1.3
55 verbose addNamed "0.1.3" is a plain semver version for dev
56 silly cache afterAdd dev@0.1.3
57 verbose afterAdd /Users/minholee/.npm/dev/0.1.3/package/package.json not in flight; writing
58 verbose correctMkdir /Users/minholee/.npm correctMkdir not in flight; initializing
59 verbose afterAdd /Users/minholee/.npm/dev/0.1.3/package/package.json written
60 silly fetchNamedPackageData inotify
61 silly mapToRegistry name inotify
62 silly mapToRegistry using default registry
63 silly mapToRegistry registry https://registry.npmjs.org/
64 silly mapToRegistry data Result {
64 silly mapToRegistry   raw: 'inotify',
64 silly mapToRegistry   scope: null,
64 silly mapToRegistry   escapedName: 'inotify',
64 silly mapToRegistry   name: 'inotify',
64 silly mapToRegistry   rawSpec: '',
64 silly mapToRegistry   spec: 'latest',
64 silly mapToRegistry   type: 'tag' }
65 silly mapToRegistry uri https://registry.npmjs.org/inotify
66 verbose request uri https://registry.npmjs.org/inotify
67 verbose request no auth needed
68 info attempt registry request try #1 at 10:57:03 AM
69 verbose etag W/"58e14fc4-721f"
70 verbose lastModified Sun, 02 Apr 2017 19:23:48 GMT
71 http request GET https://registry.npmjs.org/inotify
72 http 304 https://registry.npmjs.org/inotify
73 verbose headers { date: 'Fri, 02 Jun 2017 14:57:03 GMT',
73 verbose headers   via: '1.1 varnish',
73 verbose headers   'cache-control': 'max-age=300',
73 verbose headers   etag: 'W/"58e14fc4-721f"',
73 verbose headers   age: '54',
73 verbose headers   connection: 'keep-alive',
73 verbose headers   'x-served-by': 'cache-jfk8145-JFK',
73 verbose headers   'x-cache': 'HIT',
73 verbose headers   'x-cache-hits': '1',
73 verbose headers   'x-timer': 'S1496415423.304639,VS0,VE0',
73 verbose headers   vary: 'Accept-Encoding' }
74 silly get cb [ 304,
74 silly get   { date: 'Fri, 02 Jun 2017 14:57:03 GMT',
74 silly get     via: '1.1 varnish',
74 silly get     'cache-control': 'max-age=300',
74 silly get     etag: 'W/"58e14fc4-721f"',
74 silly get     age: '54',
74 silly get     connection: 'keep-alive',
74 silly get     'x-served-by': 'cache-jfk8145-JFK',
74 silly get     'x-cache': 'HIT',
74 silly get     'x-cache-hits': '1',
74 silly get     'x-timer': 'S1496415423.304639,VS0,VE0',
74 silly get     vary: 'Accept-Encoding' } ]
75 verbose etag https://registry.npmjs.org/inotify from cache
76 verbose get saving inotify to /Users/minholee/.npm/registry.npmjs.org/inotify/.cache.json
77 verbose correctMkdir /Users/minholee/.npm correctMkdir not in flight; initializing
78 silly resolveWithNewModule inotify@1.4.1 checking installable status
79 silly rollbackFailedOptional Starting
80 silly rollbackFailedOptional Finishing
81 silly runTopLevelLifecycles Finishing
82 silly install printInstalled
83 verbose stack Error: Unsupported platform for inotify@1.4.1: wanted {"name":"inotify","version":"1.4.1","author":{"name":"Camilo Aguilar","email":"camilo.aguilar@gmail.com"},"email":"camilo.aguilar@gmail.com","keywords":["inotify","watch","monitor","watch files","watch directories"],"license":"MIT","description":"inotify bindings for v8 javascript engine","repository":{"type":"git","url":"git+ssh://git@github.com/c4milo/node-inotify.git"},"os":["linux"],"engines":{"node":">=0.8"},"main":"inotify","dependencies":{"bindings":"^1.2.1","nan":"^2.3.3"},"scripts":{"test":"node-gyp configure build","install":"node-gyp rebuild"},"gypfile":true,"contributors":[{"name":"Adrian Estrada","email":"edsadr@gmail.com"},{"name":"Alexander Makarenko","email":"estliberitas@gmail.com"},{"name":"Brian Ingalls","email":"bingalls@compete.com"},{"name":"Brian White","email":"mscdex@mscdex.net"},{"name":"Camilo Aguilar","email":"camilo.aguilar@gmail.com"},{"name":"Dan VerWeire","email":"dverweire@gmail.com"},{"name":"FrozenCow","email":"frozencow@gmail.com"},{"name":"Michael Boe","email":"mschuylerb@gmail.com"},{"name":"Yannick Croissant","email":"k1der.country@free.fr"},{"name":"ikokostya","email":"ikokostya@gmail.com"}],"gitHead":"c1416dfada3ca4f3fb40e65eededc52461822ec5","bugs":{"url":"https://github.com/c4milo/node-inotify/issues"},"homepage":"https://github.com/c4milo/node-inotify#readme","_id":"inotify@1.4.1","_shasum":"8abdeb7ee9cbc291542a252df00d848b2a8f9287","_from":"inotify@>= 0.1.6","_npmVersion":"3.8.6","_nodeVersion":"5.11.0","_npmUser":{"name":"c4milo","email":"camilo.aguilar@gmail.com"},"maintainers":[{"name":"camilo","email":"camilo@cloudescape.com"},{"name":"c4milo","email":"camilo.aguilar@gmail.com"}],"dist":{"shasum":"8abdeb7ee9cbc291542a252df00d848b2a8f9287","tarball":"https://registry.npmjs.org/inotify/-/inotify-1.4.1.tgz"},"_npmOperationalInternal":{"host":"packages-16-east.internal.npmjs.com","tmp":"tmp/inotify-1.4.1.tgz_1462444544613_0.7660284182056785"},"directories":{},"_resolved":"https://registry.npmjs.org/inotify/-/inotify-1.4.1.tgz","_requested":{"raw":"inotify@>= 0.1.6","scope":null,"escapedName":"inotify","name":"inotify","rawSpec":">= 0.1.6","spec":">=0.1.6","type":"range"},"_spec":"inotify@>= 0.1.6","_where":"/Users/minholee/Desktop/stem4girls/node_modules/dev","_args":[[{"raw":"inotify@>= 0.1.6","scope":null,"escapedName":"inotify","name":"inotify","rawSpec":">= 0.1.6","spec":">=0.1.6","type":"range"},"/Users/minholee/Desktop/stem4girls/node_modules/dev"]],"readme":"ERROR: No README data found!"} (current: {"os":"darwin","cpu":"x64"})
83 verbose stack     at checkPlatform (/usr/local/lib/node_modules/npm/node_modules/npm-install-checks/index.js:45:14)
83 verbose stack     at thenWarnEngineIssues (/usr/local/lib/node_modules/npm/lib/install/validate-args.js:41:5)
83 verbose stack     at /usr/local/lib/node_modules/npm/node_modules/iferr/index.js:13:50
83 verbose stack     at checkEngine (/usr/local/lib/node_modules/npm/node_modules/npm-install-checks/index.js:24:10)
83 verbose stack     at module.exports.isInstallable (/usr/local/lib/node_modules/npm/lib/install/validate-args.js:38:3)
83 verbose stack     at resolveWithNewModule (/usr/local/lib/node_modules/npm/lib/install/deps.js:511:10)
83 verbose stack     at /usr/local/lib/node_modules/npm/lib/install/deps.js:454:9
83 verbose stack     at /usr/local/lib/node_modules/npm/node_modules/iferr/index.js:13:50
83 verbose stack     at /usr/local/lib/node_modules/npm/lib/fetch-package-metadata.js:37:12
83 verbose stack     at addRequestedAndFinish (/usr/local/lib/node_modules/npm/lib/fetch-package-metadata.js:67:5)
84 verbose pkgid inotify@1.4.1
85 verbose cwd /Users/minholee/Desktop/stem4girls
86 error Darwin 16.4.0
87 error argv "/usr/local/bin/node" "/usr/local/bin/npm" "install" "--save" "dev"
88 error node v6.9.3
89 error npm  v3.10.10
90 error code EBADPLATFORM
91 error notsup Unsupported platform for inotify@1.4.1: wanted {"os":"linux","arch":"any"} (current: {"os":"darwin","arch":"x64"})
92 error notsup Valid OS:    linux
92 error notsup Valid Arch:  any
92 error notsup Actual OS:   darwin
92 error notsup Actual Arch: x64
93 verbose exit [ 1, true ]
